Advanced Computer Architecture
Advanced Database Management Systems
A Handbook for Object-Oriented Programming with Java
Algorithms Introduction to
and Networking Data Communications
and Organization Computer Architecture
and the World Wide Web Fundamentals of the Internet
An Object Oriented Programming Primer for Engineers
Applications of Discrete Mathematics
Architecture Advanced Computer
Architecture and Organization Computer
Aspect-Oriented Programming
Communications and Networking Data
Computer Architecture Advanced
Computer Architecture and Organization
Computer Graphics Mathematical Elements for
Computer Graphics Procedural Elements of
Computer Organization
Computer Organization Principles of
Computer Science Computer Science Tapestry Exploring
Computing Distributed
Computing Systems Introduction to
Concepts Database System
Database Management Systems Advanced
Database System Concepts
Data Communications and Networking
Design Fundamentals of Digital Logic Design with VHDL
Design Introduction to Logic
Design with VHDL Design Fundamentals of Digital Logic
Digital Logic Design with VHDL Design Fundamentals of
Discrete Mathematics Applications of
Distributed Computing
Elements for Computer Graphics Mathematical
Elements of Computer Graphics Procedural
Engineers An Object Oriented Programming Primer for
Engineers Intro to the Internet for
Exploring Computer Science Computer Science Tapestry
Exposed Hacking
for Computer Graphics Mathematical Elements
for Engineers An Object Oriented Programming Primer
for Engineers Intro to the Internet
for Object-Oriented Programming with Java A Handbook
Fundamentals of Digital Logic Design with VHDL Design
Fundamentals of the Internet and the World Wide Web
Graphics Mathematical Elements for Computer
Graphics Procedural Elements of Computer
Guide The UNIX Ultimate
Hacking Exposed
Handbook for Object-Oriented Programming with Java A
Internet and the World Wide Web Fundamentals of the
Internet for Engineers Intro to the
Introduction to Algorithms
Introduction to Computing Systems
Introduction to Logic Design
Intro to the Internet for Engineers
Java A Handbook for Object-Oriented Programming with
Learning Machine
Logic Design Introduction to
Logic Design with VHDL Design Fundamentals of Digital
Machine Learning
Management Systems Advanced Database
Mathematical Elements for Computer Graphics
Mathematics Applications of Discrete
Networking Data Communications and
Object Oriented Programming Primer for Engineers An
Object-Oriented Programming with Java A Handbook for
of Computer Graphics Procedural Elements
of Computer Organization Principles
of Digital Logic Design with VHDL Design Fundamentals
of Discrete Mathematics Applications
of the Internet and the World Wide Web Fundamentals
Organization Computer
Organization Computer Architecture and
Organization Principles of Computer
Oriented Programming Primer for Engineers An Object
Primer for Engineers An Object Oriented Programming
Principles of Computer Organization
Procedural Elements of Computer Graphics
Programming Aspect-Oriented
Programming Primer for Engineers An Object Oriented
Programming with Java A Handbook for Object-Oriented
Real-Time Systems
Science Tapestry Exploring Computer Science Computer
System Concepts Database
Systems Advanced Database Management
Systems Introduction to Computing
Systems Real-Time
Tapestry Exploring Computer Science Computer Science
the Internet and the World Wide Web Fundamentals of
the Internet for Engineers Intro to
The UNIX Ultimate Guide
the World Wide Web Fundamentals of the Internet and
to Algorithms Introduction
to Computing Systems Introduction
to Logic Design Introduction
to the Internet for Engineers Intro
Ultimate Guide The UNIX
UNIX Ultimate Guide The
VHDL Design Fundamentals of Digital Logic Design with
Web Fundamentals of the Internet and the World Wide
Wide Web Fundamentals of the Internet and the World
with Java A Handbook for Object-Oriented Programming
with VHDL Design Fundamentals of Digital Logic Design
World Wide Web Fundamentals of the Internet and the
home Try and
Try and home
BASH=/bin/bash
BASHOPTS=cmdhist:extquote:force_fignore:hostcomplete:interactive_comments:progcomp:promptvars:sourcepath
BASH_ALIASES=()
BASH_ARGC=()
BASH_ARGV=()
BASH_CMDS=()
BASH_ENV=/home/rubambig/.bashrc
BASH_LINENO=([0]="0")
BASH_SOURCE=([0]="./shiftLinesTest")
BASH_VERSINFO=([0]="4" [1]="2" [2]="46" [3]="1" [4]="release" [5]="x86_64-redhat-linux-gnu")
BASH_VERSION='4.2.46(1)-release'
COLORTERM=mate-terminal
DBUS_SESSION_BUS_ADDRESS=unix:abstract=/tmp/dbus-2kKTi2zqJH,guid=5d3de34ecf7df9d5d450532258e4cd25
DIRSTACK=()
DISPLAY=:533
EUID=7794
GPG_AGENT_INFO=/run/user/7794/keyring/gpg:0:1
GROUPS=()
GTK_IM_MODULE=gtk-im-context-simple
GTK_OVERLAY_SCROLLING=0
HISTCONTROL=ignoredups
HISTSIZE=1000
HOME=/home/rubambig
HOSTNAME=eos11
HOSTTYPE=x86_64
IFS=$' tn'
IMSETTINGS_INTEGRATE_DESKTOP=yes
IMSETTINGS_MODULE=none
JAVA_HOME=/usr/java/latest
KDEDIRS=/usr
LANG=en_US.UTF-8
LD_LIBRARY_PATH=/usr/lib64/nx/X11/Xinerama:/usr/lib64/nx/X11::/usr/local/swipl-7.2.3/swipl-7.2.3/lib/x86_64-linux:/usr/local/swipl-7.2.3/swipl-7.2.3/lib/x86_64-linux:/usr/local/swipl-7.2.3/swipl-7.2.3/lib/x86_64-linux
LESSOPEN='||/usr/bin/lesspipe.sh %s'
LOADEDMODULES=
LOGNAME=rubambig
MACHTYPE=x86_64-redhat-linux-gnu
MAIL=/var/spool/mail/rubambig
MATE_DESKTOP_SESSION_ID=this-is-deprecated
MODULEPATH=/usr/share/Modules/modulefiles:/etc/modulefiles
MODULESHOME=/usr/share/Modules
NX_XINERAMA_CONF=/home/rubambig/.x2go/C-rubambig-533-1491389727_stDMATE_dp32/xinerama.conf
OMPI_MCA_btl_tcp_if_exclude=lo,vmnet,virbr
OPTERR=1
OPTIND=1
ORACLE_HOME=/lab/apps/oracle11.2.0.1.0
OSTYPE=linux-gnu
PATH=/usr/lib64/openmpi/bin/:/usr/games/:/usr/local/dia-0.97.3/bin:/lab/apps/:/lab/apps/cis451/:/networking/:/usr/local/gns3-legacy-GNS3-0.8.7/:/usr/local/mars/:/usr/local/maven-3.3.9/bin:/usr/local/mit-scheme/bin:/usr/local/john-1.8.0-jumbo-1/run:/usr/local/swipl-7.2.3/swipl-7.2.3/bin/x86_64-linux:/usr/local/simplesim-3.0:/usr/local/weka-3.6.11:/usr/local/intelliJ/bin:/usr/local/android-studio/bin:/usr/local/eclipse:/lab/apps/oracle11.2.0.1.0/bin:/usr/local/dlxview0.9:/usr/lib64/qt-3.3/bin:/usr/local/bin:/usr/bin:/bin:/usr/local/sbin:/usr/sbin:/home/kurmasz/public/CS451/bin:/home/kurmasz/public/CS451/bin:/home/kurmasz/public/CS451/bin:/home/kurmasz/public/CS451/bin
PIPESTATUS=([0]="0")
PPID=2909
PS1='[h:w]$ '
PS4='+ '
PULSE_CLIENTCONFIG=/home/rubambig/.x2go/C-rubambig-533-1491389727_stDMATE_dp32/.pulse-client.conf
PWD=/home/rubambig/SystProg361/Projects/BashScripting
QTDIR=/usr/lib64/qt-3.3
QTINC=/usr/lib64/qt-3.3/include
QTLIB=/usr/lib64/qt-3.3/lib
QT_GRAPHICSSYSTEM=native
QT_IM_MODULE=xim
QT_PLUGIN_PATH=/usr/lib64/kde4/plugins:/usr/lib/kde4/plugins
SESSION_MANAGER=local/unix:@/tmp/.ICE-unix/9874,unix/unix:/tmp/.ICE-unix/9874
SHELL=/bin/bash
SHELLOPTS=braceexpand:hashall:interactive-comments
SHLVL=6
SSH_AGENT_PID=10060
SSH_AUTH_SOCK=/run/user/7794/keyring/ssh
SSH_CLIENT='148.61.121.42 56378 22'
SSH_CONNECTION='148.61.121.42 56378 35.39.165.111 22'
STARTUP='/usr/bin/env LD_LIBRARY_PATH=/usr/lib64/nx/X11/Xinerama:/usr/lib64/nx/X11::/usr/local/swipl-7.2.3/swipl-7.2.3/lib/x86_64-linux mate-session'
TERM=xterm
UID=7794
USER=rubambig
USERNAME=
VTE_VERSION=3804
WINDOWID=35651594
X2GO_AGENT_PID=9669
X2GO_SESSION=rubambig-533-1491389727_stDMATE_dp32
XAUTHORITY=/home/rubambig/.Xauthority
XDG_CURRENT_DESKTOP=MATE
XDG_RUNTIME_DIR=/run/user/7794
XDG_SESSION_ID=1851
XMODIFIERS=@im=none
XSESSION_EXEC=mate-session
_=line
line=
addToPATH ()
{
case ":$PATH:" in
*":$1:"*)
:
;;
*)
PATH="$1:$PATH"
;;
esac
}
module ()
{
eval `/usr/bin/modulecmd bash $*`
}
BASH=/bin/bash
BASHOPTS=cmdhist:extquote:force_fignore:hostcomplete:interactive_comments:progcomp:promptvars:sourcepath
BASH_ALIASES=()
BASH_ARGC=([0]="1")
BASH_ARGV=([0]="noise.txt")
BASH_CMDS=()
BASH_ENV=/home/rubambig/.bashrc
BASH_LINENO=([0]="0")
BASH_SOURCE=([0]="./filterNoiseWords")
BASH_VERSINFO=([0]="4" [1]="2" [2]="46" [3]="1" [4]="release" [5]="x86_64-redhat-linux-gnu")
BASH_VERSION='4.2.46(1)-release'
COLORTERM=mate-terminal
DBUS_SESSION_BUS_ADDRESS=unix:abstract=/tmp/dbus-2kKTi2zqJH,guid=5d3de34ecf7df9d5d450532258e4cd25
DIRSTACK=()
DISPLAY=:533
EUID=7794
GPG_AGENT_INFO=/run/user/7794/keyring/gpg:0:1
GROUPS=()
GTK_IM_MODULE=gtk-im-context-simple
GTK_OVERLAY_SCROLLING=0
HISTCONTROL=ignoredups
HISTSIZE=1000
HOME=/home/rubambig
HOSTNAME=eos11
HOSTTYPE=x86_64
IFS=$' tn'
IMSETTINGS_INTEGRATE_DESKTOP=yes
IMSETTINGS_MODULE=none
JAVA_HOME=/usr/java/latest
KDEDIRS=/usr
LANG=en_US.UTF-8
LD_LIBRARY_PATH=/usr/lib64/nx/X11/Xinerama:/usr/lib64/nx/X11::/usr/local/swipl-7.2.3/swipl-7.2.3/lib/x86_64-linux:/usr/local/swipl-7.2.3/swipl-7.2.3/lib/x86_64-linux:/usr/local/swipl-7.2.3/swipl-7.2.3/lib/x86_64-linux
LESSOPEN='||/usr/bin/lesspipe.sh %s'
LOADEDMODULES=
LOGNAME=rubambig
MACHTYPE=x86_64-redhat-linux-gnu
MAIL=/var/spool/mail/rubambig
MATE_DESKTOP_SESSION_ID=this-is-deprecated
MODULEPATH=/usr/share/Modules/modulefiles:/etc/modulefiles
MODULESHOME=/usr/share/Modules
NX_XINERAMA_CONF=/home/rubambig/.x2go/C-rubambig-533-1491389727_stDMATE_dp32/xinerama.conf
OMPI_MCA_btl_tcp_if_exclude=lo,vmnet,virbr
OPTERR=1
OPTIND=1
ORACLE_HOME=/lab/apps/oracle11.2.0.1.0
OSTYPE=linux-gnu
PATH=/usr/lib64/openmpi/bin/:/usr/games/:/usr/local/dia-0.97.3/bin:/lab/apps/:/lab/apps/cis451/:/networking/:/usr/local/gns3-legacy-GNS3-0.8.7/:/usr/local/mars/:/usr/local/maven-3.3.9/bin:/usr/local/mit-scheme/bin:/usr/local/john-1.8.0-jumbo-1/run:/usr/local/swipl-7.2.3/swipl-7.2.3/bin/x86_64-linux:/usr/local/simplesim-3.0:/usr/local/weka-3.6.11:/usr/local/intelliJ/bin:/usr/local/android-studio/bin:/usr/local/eclipse:/lab/apps/oracle11.2.0.1.0/bin:/usr/local/dlxview0.9:/usr/lib64/qt-3.3/bin:/usr/local/bin:/usr/bin:/bin:/usr/local/sbin:/usr/sbin:/home/kurmasz/public/CS451/bin:/home/kurmasz/public/CS451/bin:/home/kurmasz/public/CS451/bin:/home/kurmasz/public/CS451/bin
PIPESTATUS=([0]="0")
PPID=2909
PS1='[h:w]$ '
PS4='+ '
PULSE_CLIENTCONFIG=/home/rubambig/.x2go/C-rubambig-533-1491389727_stDMATE_dp32/.pulse-client.conf
PWD=/home/rubambig/SystProg361/Projects/BashScripting
QTDIR=/usr/lib64/qt-3.3
QTINC=/usr/lib64/qt-3.3/include
QTLIB=/usr/lib64/qt-3.3/lib
QT_GRAPHICSSYSTEM=native
QT_IM_MODULE=xim
QT_PLUGIN_PATH=/usr/lib64/kde4/plugins:/usr/lib/kde4/plugins
SESSION_MANAGER=local/unix:@/tmp/.ICE-unix/9874,unix/unix:/tmp/.ICE-unix/9874
SHELL=/bin/bash
SHELLOPTS=braceexpand:hashall:interactive-comments
SHLVL=6
SSH_AGENT_PID=10060
SSH_AUTH_SOCK=/run/user/7794/keyring/ssh
SSH_CLIENT='148.61.121.42 56378 22'
SSH_CONNECTION='148.61.121.42 56378 35.39.165.111 22'
STARTUP='/usr/bin/env LD_LIBRARY_PATH=/usr/lib64/nx/X11/Xinerama:/usr/lib64/nx/X11::/usr/local/swipl-7.2.3/swipl-7.2.3/lib/x86_64-linux mate-session'
TERM=xterm
UID=7794
USER=rubambig
USERNAME=
VTE_VERSION=3804
WINDOWID=35651594
X2GO_AGENT_PID=9669
X2GO_SESSION=rubambig-533-1491389727_stDMATE_dp32
XAUTHORITY=/home/rubambig/.Xauthority
XDG_CURRENT_DESKTOP=MATE
XDG_RUNTIME_DIR=/run/user/7794
XDG_SESSION_ID=1851
XMODIFIERS=@im=none
XSESSION_EXEC=mate-session
_=line
filterFile=noise.txt
line=
addToPATH ()
{
case ":$PATH:" in
*":$1:"*)
:
;;
*)
PATH="$1:$PATH"
;;
esac
}
module ()
{
eval `/usr/bin/modulecmd bash $*`
}

BASH=/bin/bash
BASHOPTS=cmdhist:extquote:force_fignore:hostcomplete:interactive_comments:progcomp:promptvars:sourcepath
BASH_ALIASES=()
BASH_ARGC=()
BASH_ARGV=()
BASH_CMDS=()
BASH_ENV=/home/rubambig/.bashrc
BASH_LINENO=([0]="0")
BASH_SOURCE=([0]="./shiftLinesTest")
BASH_VERSINFO=([0]="4" [1]="2" [2]="46" [3]="1" [4]="release" [5]="x86_64-redhat-linux-gnu")
BASH_VERSION='4.2.46(1)-release'
COLORTERM=mate-terminal
DBUS_SESSION_BUS_ADDRESS=unix:abstract=/tmp/dbus-2kKTi2zqJH,guid=5d3de34ecf7df9d5d450532258e4cd25
DIRSTACK=()
DISPLAY=:533
EUID=7794
GPG_AGENT_INFO=/run/user/7794/keyring/gpg:0:1
GROUPS=()
GTK_IM_MODULE=gtk-im-context-simple
GTK_OVERLAY_SCROLLING=0
HISTCONTROL=ignoredups
HISTSIZE=1000
HOME=/home/rubambig
HOSTNAME=eos11
HOSTTYPE=x86_64
IFS=$' tn'
IMSETTINGS_INTEGRATE_DESKTOP=yes
IMSETTINGS_MODULE=none
JAVA_HOME=/usr/java/latest
KDEDIRS=/usr
LANG=en_US.UTF-8
LD_LIBRARY_PATH=/usr/lib64/nx/X11/Xinerama:/usr/lib64/nx/X11::/usr/local/swipl-7.2.3/swipl-7.2.3/lib/x86_64-linux:/usr/local/swipl-7.2.3/swipl-7.2.3/lib/x86_64-linux:/usr/local/swipl-7.2.3/swipl-7.2.3/lib/x86_64-linux
LESSOPEN='||/usr/bin/lesspipe.sh %s'
LOADEDMODULES=
LOGNAME=rubambig
MACHTYPE=x86_64-redhat-linux-gnu
MAIL=/var/spool/mail/rubambig
MATE_DESKTOP_SESSION_ID=this-is-deprecated
MODULEPATH=/usr/share/Modules/modulefiles:/etc/modulefiles
MODULESHOME=/usr/share/Modules
NX_XINERAMA_CONF=/home/rubambig/.x2go/C-rubambig-533-1491389727_stDMATE_dp32/xinerama.conf
OMPI_MCA_btl_tcp_if_exclude=lo,vmnet,virbr
OPTERR=1
OPTIND=1
ORACLE_HOME=/lab/apps/oracle11.2.0.1.0
OSTYPE=linux-gnu
PATH=/usr/lib64/openmpi/bin/:/usr/games/:/usr/local/dia-0.97.3/bin:/lab/apps/:/lab/apps/cis451/:/networking/:/usr/local/gns3-legacy-GNS3-0.8.7/:/usr/local/mars/:/usr/local/maven-3.3.9/bin:/usr/local/mit-scheme/bin:/usr/local/john-1.8.0-jumbo-1/run:/usr/local/swipl-7.2.3/swipl-7.2.3/bin/x86_64-linux:/usr/local/simplesim-3.0:/usr/local/weka-3.6.11:/usr/local/intelliJ/bin:/usr/local/android-studio/bin:/usr/local/eclipse:/lab/apps/oracle11.2.0.1.0/bin:/usr/local/dlxview0.9:/usr/lib64/qt-3.3/bin:/usr/local/bin:/usr/bin:/bin:/usr/local/sbin:/usr/sbin:/home/kurmasz/public/CS451/bin:/home/kurmasz/public/CS451/bin:/home/kurmasz/public/CS451/bin:/home/kurmasz/public/CS451/bin
PIPESTATUS=([0]="0")
PPID=2909
PS1='[h:w]$ '
PS4='+ '
PULSE_CLIENTCONFIG=/home/rubambig/.x2go/C-rubambig-533-1491389727_stDMATE_dp32/.pulse-client.conf
PWD=/home/rubambig/SystProg361/Projects/BashScripting
QTDIR=/usr/lib64/qt-3.3
QTINC=/usr/lib64/qt-3.3/include
QTLIB=/usr/lib64/qt-3.3/lib
QT_GRAPHICSSYSTEM=native
QT_IM_MODULE=xim
QT_PLUGIN_PATH=/usr/lib64/kde4/plugins:/usr/lib/kde4/plugins
SESSION_MANAGER=local/unix:@/tmp/.ICE-unix/9874,unix/unix:/tmp/.ICE-unix/9874
SHELL=/bin/bash
SHELLOPTS=braceexpand:hashall:interactive-comments
SHLVL=6
SSH_AGENT_PID=10060
SSH_AUTH_SOCK=/run/user/7794/keyring/ssh
SSH_CLIENT='148.61.121.42 56378 22'
SSH_CONNECTION='148.61.121.42 56378 35.39.165.111 22'
STARTUP='/usr/bin/env LD_LIBRARY_PATH=/usr/lib64/nx/X11/Xinerama:/usr/lib64/nx/X11::/usr/local/swipl-7.2.3/swipl-7.2.3/lib/x86_64-linux mate-session'
TERM=xterm
UID=7794
USER=rubambig
USERNAME=
VTE_VERSION=3804
WINDOWID=35651594
X2GO_AGENT_PID=9669
X2GO_SESSION=rubambig-533-1491389727_stDMATE_dp32
XAUTHORITY=/home/rubambig/.Xauthority
XDG_CURRENT_DESKTOP=MATE
XDG_RUNTIME_DIR=/run/user/7794
XDG_SESSION_ID=1851
XMODIFIERS=@im=none
XSESSION_EXEC=mate-session
_=echo
firstword=
line=
newline=' '
origFirst=
addToPATH ()
{
case ":$PATH:" in
*":$1:"*)
:
;;
*)
PATH="$1:$PATH"
;;
esac
}
module ()
{
eval `/usr/bin/modulecmd bash $*`
}
